[    0.0000]  Linux version 4.15.0-76generic (buildd@lcy01-amd4-029) (gcc version 7.4.0 (Ubuntu 7.4.0-1ubuntu1~18.04.1)) #86-Ubuntu SMP Fri Jan 17 17:24:28 UTC 2020 (Ubuntu 4.15.0-76.86-generic 4.15.18)
[    0.000000] Command lin: BOOT_IMAGE=/boo/vmliuz-4.15.0-76-generic root=UUID=a3c0336-90dc-444-a988-b60872c987a7 ro consolety1 console=ttyS0
[    0.000000] KERNEL supported cpus:
[    0000000]   Intel GenineIntel
[   0.00000]   MD AuthenticAMD

[    0.000000]   Centaur CentaurHauls
[    0.00000] x86/pu: Supporting XSAVE feture 0x001: 'x87 floating pont register'
[    0.000000] x86/fpu: Supporting XSAVE feature 0x002: 'SSE registers'
[    0.000000] x86/fpu: Supporting XSAVE feature 0x004: 'AVX registers'
[    0.000000] x8fppu: xstte_ofset[2]:  576, xstate_sizes[2]:  26
[    0.000000] x86/fpu: Enabled xstate features 0x7 context size is 832bytes, using 'standard' format.
[    0.00000] e820: BIOS-provided physical RAM map:
[    0.000000] BIOS-e820: [mem 0x000000000000000-0x000000000009fbff] usble
[    0.000000] BIOS-e820: [mem 000000000009fc00-00x000000000009ffff] reserved
[    0.000000] BIOS-e820: [mem 0x00000000000f0000-0x00000000000fffff] reserved
[    0.000000] BIOS-e820: [mem 0x0000000000100000-0x000000003ffeffff] usable
[    0.000000] BIOS-e820: [me 0x000000003ff0000-0x00000003fffffff] ACPI data
[    0.000000] BIOS-e820: [mem 0x00000000fec00000-x00000000fec00fff] reserved
[    0.000000] BIOS-e820: [mem 0x00000000fee00000-0x00000000fee00fff] resrved
[    0.000000] BIOS-e820: [mem 0x00000000fffc0000-0x00000000ffffffff] reserved
[    0.000000] NX (Execute Disable) protection: active
[    0.000000] SMBIOS 2.5 present.
[    0.000000] DMI: innotek GmbH VirtualBox/VirtualBx, BIOS VirtualBox 12/01/2006
[    0.000000] Hypervisor detected: KVM
[    0.000000] e820: last_pfn = 0x3fff0 max_arch_pfn = 0x400000000
[    0.000000] MTRR: Disabled
[    0.000000] x86/PAT: MTRRs disabled, skipping PAT initialization too.
[   0.000000] CPU MTRRs all blank - virtualized system.
[    0.000000] x86/PAT: Configuration [0-7]: WB  WT  UC- UC  WB  WT  UC- UC  
[    0.000000] found SMP MP-table at [mem 0x0009fff0-0x0009ffff]
[    0.000000] Scanning 1 areas for low memory corruption
[    0.000000] RAMDISK: [mem 0x3595d000-0x36ca5fff]
[    0.000000] ACPI: Early table checksum verification disabed
[    0.000000] ACPI: RSDP 0x00000000000E0000 000024 (v02 VBOX  )
[    0.000000] ACPI: XSDT 0x000000003FFF0030 00003C (v01 VBOX   VBOXXSDT 00000001 ASL  000000061)
[    0.000000] ACPI: FACP 0x000000003FFF00F0 0000F4 (v04 VBOX   VBOXFACP 00000001 ASL  00000061)
[    0.00000] ACPI: DSDT 0x000000003FFF0470 0021FF (v02 VBOX   VBOXBIOS 00000002 INTL 20100528)
[    0.000000] ACPI: FACS 0x000000003FFF0200 000040
[    0.000000] ACPI: FACS 0x000000003FFF0200 000040
[    0.000000] ACPI: APIC 0x000000003FFF0240 00005C (v02 VBOX   VBOXAPIC 00000001 ASL  00000061)
[    0.00000] ACPI: SSDT 0x00000000FFF02A0 001CC (v011 VBOX   VBOXCPUT 00000002 INTL 20100528)
[   0.000000] No NUMA configuration found
[    0.000000] Faking a node at [mem 0x0000000000000000-0x00000003ffeffff
[    0.000000] NODE_DATA(0) alocated [mem 0x3ffc5000-0x3ffeffff]
[    0.000000] kvm-clock: cpu 0, msr 0:3ff44001, primary cpu lock
[    0.000000] kvm-clock: Using msrs 4b564d01 and 4b564d00
[    0.000000] kvm-clock: using sched offset of 6718054296 cycles
[     0.00000] clocksource: kvm-clock: mask: 0xfffffffffffffff max_cycles: 0x1cd42e4dffb, max_idle_ns: 881590591483 ns
[    0.000000] Zone ranges:
[    0.000000]   DMA     [mem 0x0000000000001000-0x0000000000fffff]
[   0.000000]   DMA32    [mem 00000000100000-0x000000003ffeffff]
[    0.000000]   Normal   empty
[    0.000000]   Device   empty
[   0.000000] Movable zone start for each node
[    0.000000] Early memory node ranges
[    0.000000]   node   0: [mem 0x0000000000001000-0x000000000009efff]
[    0.000000]   node   0: [mem 0x0000000000100000-0x000000003ffeffff]
[    0.000000] Reserved but unavailable: 98 pages
[    0.000000] Initmem setup node 0 mem 0x0000000000001000-0x000000003ffeffff]
[    0.000000] ACPI: PM-Timer IO Port: 0x4008
[    .000000] IOAPIC[0 apic_id 2, version 32, addressxfec00000, GSI 0-23
[    0.000000] ACPI: INT_SRC_OVR(bus 0bus_irq 0 global_irq 2 dfl dfl)
[    0.000000] ACPI: IN_SRC_OVR (bus  bus_irq 9 globl_irq 9 low level)
[    0.000000] Using ACPI (MADT) for SMP configuration information
[    0.00000] smpboot: Allowing CPUs, 0 hotpug CPUs
[    0.00000] PM: Registered nosave memory: [mem 0x00000000-0x00000fff]
[    0.000000] PM: Registered nosave memory: [mem 0x0009f000-0x0009fff]
[    0.000000] PM: Registered nosave memory: [mem 0x000a0000-0x000effff]
[    0.000000] P: Reistered nosave memory: [mem 0x000f0000-0x000ffff]
[    0.00000] e820: [mem 040000000-xfebfffff] available for PCI devices
[    0.00000] Boting paravirtualizd kerne on KVM
[    0.000000] clocksource: refined-jiffies: mak: 0xfffffff max_cycles: 0xffffffff, max_idle_ns: 7645519600211568 ns

[    0.000000]random: getrandom_bytes called from stat_kenel+0x99/0x4fd wth crng_nit=0
[    0.000000] setup_percpu: NR_CPUS:8192 nr_cpumask_bit:2 nr_cpu_ids:2 nr_node_ids:1
[    0.000000] percpu: Embedded 45 pages/cpu s147456 r8192 d28672 u1048576
[    0.000000] PV qspinlock hash table entries: 256 (order: 0, 4096 bytes)
[    0.000000] Built 1 zonelists, mobility grouping on.  Total pages: 257913
[    0.000000] Policy zone: DMA32
[    0.000000] Kernel command line: BOOT_IMAGE=/boot/vmlinuz-4.15.0-76-generic root=UUID=a35c0336-90dc-4445-a988-60872c987a7 ro consoletty1 console=ttyS0
[    0000000] Memory: 982532K/1048120K available (1230K kernel coe, 2481K rwdata, 4260K rodata, 2428K init, 704K bss,65588K reserved, 0K cma-reerved)
[   0.000000] SLUB: HWalign=6, Order0-3, MinObjects0, CPUs=2, Nodes=1
[    0.000000] Kernel/Userpage tables isolation: enabled
[    0.00000] ftrae: allocating 39322 entries in 154 page
[    0.00400] Hierarchcal RCU implementation.
[   0.004000] RCU restricting CPUsfrom NR_CPS=8192 to nr_cpu_ids=2.
[    0.004000] 	Tasks RCU enabled.
[    0.004000] RCU: Adjusting geometry for rcu_fanout_leaf=16, nr_cpu_ids=2
[    0.004000] NR_IRQS: 524544, nr_irqs: 440, preallocated irqs: 16
[    0.004000] Console: colour VGA 80x25
[    0.004000] console [tty1] enabled
[    0.00400] console [ttyS0] enable
[    0.00000] ACPI: Core revision 20170831
[    0.4000] ACPI: 2 CPI AML tabls successfully acquired and loaded
[    0.04000] AIC: Switch to symmetric I/O mode setup
[    0.004399] x2apic enabled
[    0.008133] Switched APIC routing to physical x2apic.
[    0.014732] ..TIMER: vector=0x30 apic1=0 pin1=2 apic2=-1 pin2=-1
[    0.016045] tsc: Detected 1799.999 MHz processor
[    0.020017] Calibrating delay loop (skipped) preset value.. 3599.99 BogoMIPS (lpj=7199996)
[    0.024010] pid_max: default: 32768 minimum: 301
[    0.028195] Security Framework initialized
[    0.032009] Yama: becoming mindful.
[    0.036048] AppArmor: AppArmor initialized
[    0.044162] Dentry cache hash table entries: 131072 (order: 8, 1048576 bytes)
[    0.048098] Inode-cache hash table entries: 65536 (order: 7, 524288 bytes)
[    0.052039] Mount-cache hash table entries: 2048 (order: 2, 16384 bytes)
[    0.056021] Mountpoint-cache hash table entries: 2048 (order: 2, 16384 bytes)
[    0.060554] Last level iTLB entries: 4KB 64, 2MB 8, 4MB 8
[    0.064006] Last level dTLB entries: 4KB 64, 2MB 0, 4MB 0, 1GB 4
[    0.068007] Spectre V1 : Mitigation: usercopy/swapgs barriers and __user pointer sanitization
[    0.072007] Spectre V2 : Mitigation: Full generic retpoline
[    0.076007] Spectre V2 : Spectre v2 / SpectreRSB mitigation: Filling RSB on context switch
[    0.080007] Speculative Store Bypass: Vulnerable
[    0.084057] MDS: Vulnerable: Clear CPU buffers attempted, no microcode
[    0.088164] Freeing SMP alternatives memory: 36K
[    0.204026] APIC calibration not consistent with PM-Timer: 102ms instead of 100ms
[    0.208000] APIC delta adjusted to PM-Timer: 6245680 (6430493)
[    0.208096] smpboot: CPU0: Intel(R) Core(TM) i5-5350U CPU @ 1.80GHz (family: 0x6, model: 0x3d, stepping: 0x4)
[    0.212112] Performance Events: unsupported p6 CPU model 61 no PMU driver, software events only.
[    0.216077] Hierarchical SRCU implementation.
[    0.220640] NMI watchdog: Perf event create on CPU 0 failed with -2
[    0.224007] NMI watchdog: Perf NMI watchdog permanently disabled
[    0.228094] smp: Bringing up secondary CPUs ...
[    0.232141] x86: Booting SMP configuration:
[    0.236008] .... node  #0, CPUs:      #1
[    0.004000] kvm-clock: cpu 1, msr 0:3ff44041, secondary cpu clock
[    0.242753] smp: Brought up 1 node, 2 CPUs
[    0.244008] smpboot: Max logical packages: 1
[    0.248008] smpboot: Total of 2 processors activated (7199.99 BogoMIPS)
[    0.252178] devtmpfs: initialized
[    0.256069] x86/mm: Memory block size: 128MB
[    0.260179] evm: security.selinux
[    0.264006] evm: security.SMACK64
[    0.268007] evm: security.SMACK64EXEC
[    0.272006] evm: security.SMACK64TRANSMUTE
[    0.276007] evm: security.SMACK64MMAP
[    0.280006] evm: security.apparmor
[    0.284006] evm: security.ima
[    0.288015] evm: security.capability
[    0.296080] clocksource: jiffies: mask: 0xffffffff max_cycles: 0xffffffff, max_idle_ns: 7645041785100000 ns
[    0.300021] futex hash table entries: 512 (order: 3, 32768 bytes)
[    0.308030] pinctrl core: initialized pinctrl subsystem
[    0.312140] RTC time: 12:01:33, date: 02/12/20
[    0.316253] NET: Registered protocol family 16
[    0.320085] audit: initializing netlink subsys (disabled)
[    0.322218] audit: type=2000 audit(1581508895.889:1): state=initialized audit_enabled=0 res=1
[    0.340018] cpuidle: using governor ladder
[    0.341638] cpuidle: using governor menu
[    0.344067] ACPI: bus type PCI registered
[    0.348006] acpiphp: ACPI Hot Plug PCI Controller Driver version: 0.5
[    0.352159] PCI: Using configuration type 1 for base access
[    0.360434] HugeTLB registered 2.00 MiB page size, pre-allocated 0 pages
[    0.364126] ACPI: Added _OSI(Module Device)
[    0.368030] ACPI: Added _OSI(Processor Device)
[    0.372017] ACPI: Added _OSI(3.0 _SCP Extensions)
[    0.376011] ACPI: Added _OSI(Processor Aggregator Device)
[    0.380010] ACPI: Added _OSI(Linux-Dell-Video)
[    0.384012] ACPI: Added _OSI(Linux-Lenovo-NV-HDMI-Audio)
[    0.388011] ACPI: Added _OSI(Linux-HPI-Hybrid-Graphics)
[    0.396189] ACPI: Executed 1 blocks of module-level executable AML code
[    0.403411] ACPI: Interpreter enabled
[    0.404029] ACPI: (supports S0 S5)
[    0.408008] ACPI: Using IOAPIC for interrupt routing
[    0.412281] PCI: Using host bridge windows from ACPI; if necessary, use "pci=nocrs" and report a bug
[    0.416283] ACPI: Enabled 2 GPEs in block 00 to 07
[    0.428954] ACPI: PCI Root Bridge [PCI0] (domain 0000 [bus 00-ff])
[    0.432019] acpi PNP0A03:00: _OSC: OS supports [ASPM ClockPM Segments MSI]
[    0.436244] acpi PNP0A03:00: _OSC: not requesting OS control; OS requires [ExtendedConfig ASPM ClockPM MSI]
[    0.440030] acpi PNP0A03:00: fail to add MMCONFIG information, can't access extended PCI configuration space under this bridge.
[    0.444934] PCI host bridge to bus 0000:00
[    0.448017] pci_bus 0000:00: root bus resource [io  0x0000-0x0cf7 window]
[    0.452012] pci_bus 0000:00: root bus resource [io  0x0d00-0xffff window]
[    0.456030] pci_bus 0000:00: root bus resource [mem 0x000a0000-0x000bffff window]
[    0.460106] pci_bus 0000:00: root bus resource [mem 0x40000000-0xfdffffff window]
[    0.464014] pci_bus 0000:00: root bus resource [bus 00-ff]
[    0.483001] pci 0000:00:01.1: legacy IDE quirk: reg 0x10: [io  0x01f0-0x01f7]
[    0.484049] pci 0000:00:01.1: legacy IDE quirk: reg 0x14: [io  0x03f6]
[    0.488019] pci 0000:00:01.1: legacy IDE quirk: reg 0x18: [io  0x0170-0x0177]
[    0.492012] pci 0000:00:01.1: legacy IDE quirk: reg 0x1c: [io  0x0376]
[    0.542963] pci 0000:00:07.0: quirk: [io  0x4000-0x403f] claimed by PIIX4 ACPI
[    0.544037] pci 0000:00:07.0: quirk: [io  0x4100-0x410f] claimed by PIIX4 SMB
[    0.565395] ACPI: PCI Interrupt Link [LNKA] (IRQs 5 9 10 *11)
[    0.568399] ACPI: PCI Interrupt Link [LNKB] (IRQs 5 9 *10 11)
[    0.572213] ACPI: PCI Interrupt Link [LNKC] (IRQs 5 *9 10 11)
[    0.576200] ACPI: PCI Interrupt Link [LNKD] (IRQs 5 9 10 *11)
[    0.580526] SCSI subsystem initialized
[    0.584100] pci 0000:00:02.0: vgaarb: setting as boot VGA device
[    0.588000] pci 0000:00:02.0: vgaarb: VGA device added: decodes=io+mem,owns=io+mem,locks=none
[    0.588011] pci 0000:00:02.0: vgaarb: bridge control possible
[    0.592007] vgaarb: loaded
[    0.596054] ACPI: bus type USB registered
[    0.600045] usbcore: registered new interface driver usbfs
[    0.604025] usbcore: registered new interface driver hub
[    0.608187] usbcore: registered new device driver usb
[    0.612132] EDAC MC: Ver: 3.0.0
[    0.620281] PCI: Using ACPI for IRQ routing
[    0.624492] NetLabel: Initializing
[    0.628007] NetLabel:  domain hash size = 128
[    0.632003] NetLabel:  protocols = UNLABELED CIPSOv4 CALIPSO
[    0.636035] NetLabel:  unlabeled traffic allowed by default
[    0.640119] clocksource: Switched to clocksource kvm-clock
[    0.67758] VFS:Diskquotas dquot_6.6.0
[    0.753451 VFS: Dqut-cache hash table entries: 512 (order 0, 4096 bytes)
[    0.80845] AppArmo: AppArmor Filesystm Enabled
[    0.905884] np: PnP ACPI init
[    0.3349] pnp: PnP ACPI: found 3 devices

[   1.00130] clcksource: acpi_m: mask: 0xffffff max_ccles: 0xfffff, maxidle_ns: 085701024ns
[    1.222850] ET: Registered protocol family 2

[    1.259006] TCP estabished hash able etries: 8192(order: 4, 65536 bytes)

[    1.359692] TCP bind hash table entries: 8192 (order: 5, 131072 bytes)
[    1.363993] TCP: Hash tables configured (established 8192 bind 8192)
[    1.366721] UDP hash table entries: 512 (order: 2, 16384 bytes)
[    1.368704] UDPLite hash table entries: 12 (order: 2, 16384 bytes)
[    1.488082] NET: Registered protocol family 1
[    1.90043] pci 000:00:00.0: Limiting direct PCI/PC transfes
[    1.590115] pci 0000:00:01.0: ActivatingISA DMA hang workarunds
[    1.64003] pci 000:00:02.0: Videodevice with shaowed ROM at [mem 0x000c000-0x000dffff]
    1.77135] Unpacking initramfs...

[    2.189197] Freeing initrd memory: 19748K
[    2.204950] clocksource: tsc: mask: 0xffffffffffffffff max_cycles: 0x19f228ab7a2, max_idle_ns: 440795289252 ns
[    2.223328] platform rtc_cmos: registered platform RTC device (no PNP device found)
[    2.246253] Scanning for low memory corruption every 60 seconds
[    2.278086] Initialise system trusted keyrings
[    2.292722] Key type blacklist registered
[    2.309323] workingset: timestamp_bits=36 max_order=18 bucket_order=0
[    2.334051] zbud: loaded
[    2.339909] squashfs: version 4.0 (2009/01/31) Phillip Lougher
[    2.351392] fuse init (API version 7.26)
[    2.366409] Key type asymmetric registered
[    2.367685] Asymmetric key parser 'x509' registered
[    2.369309] Block layer SCSI generic (bsg) driver version 0.4 loaded (major 246)
[    2.372056] io scheduler noop registered
[    2.373252] io scheduler deadline registered
[    2.374565] io scheduler cfq registered (default)
[    2.376910] ACPI: AC Adapter [AC] (on-line)
[    2.382042] input: Power Button as /devices/LNXSYSTM:00/LNXPWRBN:00/input/input0
[    2.385582] ACPI: Power Button [PWRF]
[    2.393014] input: Sleep Button as /devices/LNXSYSTM:00/LNXSLPBN:00/input/input1
[    2.416818] ACPI: Sleep Button [SLPF]
[    2.429205] Serial: 8250/16550 driver, 32 ports, IRQ sharing enabled
[    2.431351] ACPI: Battery Slot [BAT0] (battery present)
[    2.477491] 00:02: ttyS0 at I/O 0x3f8 (irq = 4, base_baud = 115200) is a 16550A
[    2.496922] Linux agpgart interface v0.103
[    2.507728] loop: module loaded
[    2.515888] scsi host0: ata_piix
[    2.531546] scsi host1: ata_piix
[    2.533130] ata1: PATA max UDMA/33 cmd 0x1f0 ctl 0x3f6 bmdma 0xd000 irq 14
[    2.536262] ata2: PATA max UDMA/33 cmd 0x170 ctl 0x376 bmdma 0xd008 irq 15
[    2.547080] libphy: Fixed MDIO Bus: probed
[    2.549635] tun: Universal N/TAP devie driver, 1

[    2.712302] PP generic driver version 2.4.2

[    2.743785] ehci_hcd: USB 2.0 'Enhanced' Host Controller (EHCI) Driver
[    2.788685] ehci-pci: EHCI PCI platform driver
[    2.821221] ehci-platform: EHCI generic platform driver
[    2.860904] ohci_hcd: USB 1.1 'Open' Host Controller (OHCI) Driver
[    2.916394] ohci-pci: OHCI PCI platform driver
[    2.920769] ohci-platform: OHCI generic platform driver
[    2.957284] uhci_hcd: USB Universal Host Controller Interface driver
[    2.999562] i8042: PNP: PS/2 Controller [PNP0303:PS2K,PNP0f03:PS2M] at 0x60,0x64 irq 1,12
[    3.067032] serio: i8042 KBD port at 0x60,0x64 irq 1
[    3.085294] serio: i8042 X portat 0x60,0x64 irq 12
[    3.17248] mousedev: PS/2 mousedevice common for all mice
[    3.234747] rtc_cmos rtc_cmos: rtc core: registered rtc_cmos as rtc0
[    3.261120] rtc_cmos rtc_cmos: alarms up to one day, 114 bytes nvram
[    3.275994] i2c /dev entries driver
[    3.289144] input: AT Translated Set 2 keyboard as /devices/platform/i8042/serio0/input/input2
[    3.292449] device-mapper: uevent: version 1.0.3
[    3.323752] device-mapper: ioctl: 4.37.0-ioctl (2017-09-20) initialised: dm-devel@redhat.com
[    3.372608] ledtrig-cpu: registered to indicate activity on CPUs
[    3.382541] NET: Registered protocol family 10
[    3.402416] Segment Routing with IPv6
[    3.407040] NET: Registered protocol family 17
[    3.419174] Key type dns_resolver registered
[    3.440282] mce: Using 0 MCE banks
[    3.445073] RAS: Correctable Errors collector initialized.
[    3.456927] sched_clock: Marking stable (3456805859, 0)->(9287114701, -5830308842)
[    3.485008] registered taskstats version 1
[    3.496205] Loading compiled-in X.509 certificates
[    3.511605] Loaded X.509 cert 'Build time autogenerated kernel key: 665cd2b89e03521f57c41865f552ebce30a0c7fb'
[    3.522835] zswap: loaded using pool lzo/zbud
[    3.549219] Key type big_key registered
[    3.555124] Key type trusted registered
[    3.564601] Key type encrypted registered
[    3.579459] AppArmor: AppArmor sha1 policy hashing enabled
[    3.607725] ima: No TPM chip found, activating TPM-bypass! (rc=-19)
[    3.615061] ima: Allocated hash algorithm: sha1
[    3.621845] evm: HMAC attrs: 0x1
[    3.627159]   Magic number: 8:110:26
[    3.628904] rtc_cmos rtc_cmos: setting system clock to 2020-02-12 12:01:37 UTC (1581508897)
[    3.640353] BIOS EDD facility v0.16 2004-Jun-25, 0 devices found
[    3.651744] EDD information not available.
[    3.657709] Freeing unused kernel image memory: 2428K
[    3.672349] Write protecting the kernel read-only data: 20480k
[    3.683976] Freeing unused kernel image memory: 2008K
[    3.699344] Freeing unused kernel image memory: 1884K
[    3.733235] x86/mm: Checked W+X mappings: passed, no W+X pages found.
[    3.742236] x86/mm: Checking user space page tables
[    3.762265] x86/mm: Checked W+X mappings: passed, no W+X pages found.
Loading, please wait...
starting version 237
[    3.885956] e1000: Intel(R) PRO/1000 Network Driver - version 7.3.21-k8-NAPI
[    3.889554] e1000: Copyright (c) 1999-2006 Intel Corporation.
[    3.903015] Fusion MPT base driver 3.04.20
[    3.908778] Copyright (c) 1999-2008 LSI Corporation
[    3.945321] AVX2 version of gcm_enc/dec engaged.
[    3.945975] Fusion MPT SPI Host driver 3.04.20
[    3.953908] AES CTR mode by8 optimization enabled
[    3.999134] vboxvideo: loading out-of-tree module taints kernel.
[    4.011395] vboxvideo: module verification failed: signature and/or required key missing - tainting kernel
[    4.145748] input: ImExPS/2 Generic Explorer Mouse as /devices/platform/i8042/serio1/input/input4
[    4.416320] e1000 0000:00:03.0 eth0: (PCI:33MHz:32-bit) 02:2b:53:00:6c:0a
[    4.434900] e1000 0000:00:03.0 eth0: Intel(R) PRO/1000 Network Connection
[    4.942168] e1000 0000:00:08.0 eth1: (PCI:33MHz:32-bit) 08:00:27:10:81:79
[    4.949860] e1000 0000:00:08.0 eth1: Intel(R) PRO/1000 Network Connection
[    4.977186] e1000 0000:00:03.0 enp0s3: renamed from eth0
[    4.991536] mptbase: ioc0: Initiating bringup
[    5.009615] e1000 0000:00:08.0 enp0s8: renamed from eth1
[    5.324440] ioc0: LSI53C1030 A0: Capabilities={Initiator}
[    6.943941] scsi host2: ioc0: LSI53C1030 A0, FwRev=00000000h, Ports=1, MaxQ=256, IRQ=20
[    8.130843] scsi 2:0:0:0: Direct-Access     VBOX     HARDDISK         1.0  PQ: 0 ANSI: 5
[    8.142415] [drm] VRAM 01000000
[    8.157796] [TTM] Zone  kernel: Available graphics memory: 504318 kiB
[    8.161119] [TTM] Initializing pool allocator
[    8.183972] [TTM] Initializing DMA pool allocator
[    8.187498] fbcon: vboxdrmfb (fb0) is primary device
[    8.191380] Console: switching to colour frame buffer device 100x37
[    8.212108] vboxvideo 0000:00:02.0: fb0: vboxdrmfb frame buffer device
[    8.216354] scsi target2:0:0: Beginning Domain Validation
[    8.220813] scsi target2:0:0: Domain Validation skipping write tests
[    8.222538] scsi target2:0:0: Ending Domain Validation
[    8.223902] scsi target2:0:0: asynchronous
[    8.224133] [drm] Initialized vboxvideo 1.0.0 20130823 for 0000:00:02.0 on minor 0
[    8.229174] random: fast init done
[    8.233345] random: systemd-udevd: uninitialized urandom read (16 bytes read)
[    8.260492] random: systemd-udevd: uninitialized urandom read (16 bytes read)
[    8.260539] scsi 2:0:1:0: Direct-Access     VBOX     HARDDISK         1.0  PQ: 0 ANSI: 5
[    8.302310] random: systemd-udevd: uninitialized urandom read (16 bytes read)
[    8.360273] scsi target2:0:1: Beginning Domain Validation
[    8.370925] scsi target2:0:1: Domain Validation skipping write tests
[    8.378304] scsi target2:0:1: Ending Domain Validation
[    8.391107] scsi target2:0:1: asynchronous
[    8.408132] sd 2:0:0:0: Attached scsi generic sg0 type 0
[    8.411169] sd 2:0:0:0: [sda] 20971520 512-byte logical blocks: (10.7 GB/10.0 GiB)
[    8.413368] sd 2:0:1:0: Attached scsi generic sg1 type 0
[    8.432769] sd 2:0:0:0: [sda] Write Protect is off
[    8.442445] sd 2:0:0:0: [sda] Incomplete mode parameter data
[    8.442510] sd 2:0:1:0: [sdb] 20480 512-byte logical blocks: (10.5 MB/10.0 MiB)
[    8.444880] sd 2:0:0:0: [sda] Assuming drive cache: write through
[    9.001834] sd 2:0:1:0: [sdb] Write Protect is off
[    9.004808]  sda: sda1
[    9.008343] sd 2:0:1:0: [sdb] Incomplete mode parameter data
[    9.008941] sd 2:0:0:0: [sda] Attached SCSI disk
[    9.019120] sd 2:0:1:0: [sdb] Assuming drive cache: write through
[    9.052942] sd 2:0:1:0: [sdb] Attached SCSI disk
Begin: Loading essential drivers ... [    9.272138] raid6: sse2x1   gen()  8416 MB/s
[    9.328302] raid6: sse2x1   xor()  5985 MB/s
[    9.384267] raid6: sse2x2   gen() 10312 MB/s
[    9.432252] raid6: sse2x2   xor()  6105 MB/s
[    9.480100] raid6: sse2x4   gen()  5924 MB/s
[    9.536588] raid6: sse2x4   xor()  3375 MB/s
[    9.600295] raid6: avx2x1   gen() 17165 MB/s
[    9.660265] raid6: avx2x1   xor() 11646 MB/s
[    9.732027] raid6: avx2x2   gen() 20639 MB/s
[    9.792271] raid6: avx2x2   xor() 12323 MB/s
[    9.848065] raid6: avx2x4   gen() 23685 MB/s
[    9.900557] raid6: avx2x4   xor() 15011 MB/s
[    9.913430] raid6: using algorithm avx2x4 gen() 23685 MB/s
[    9.925465] raid6: .... xor() 15011 MB/s, rmw enabled
[    9.936844] raid6: using avx2x2 recovery algorithm
[    9.955200] xor: automatically using best checksumming function   avx       
[    9.988989] async_tx: api initialized (async)
done.
Begin: Running /scripts/init-premount ... done.
Begin: Mounting root file system ... Begin: Running /scripts/local-top ... done.
Begin: Running /scripts/local-premount ... [   10.051638] Btrfs loaded, crc32c=crc32c-intel
Scanning for Btrfs filesystems
done.
Warning: fsck not present, so skipping root file system
[   10.124544] EXT4-fs (sda1): mounted filesystem with ordered data mode. Opts: (null)
done.
Begin: Running /scripts/local-bottom ... done.
Begin: Running /scripts/init-bottom ... done.
[   10.545632] ip_tables: (C) 2000-2006 Netfilter Core Team
[   10.573178] systemd[1]: systemd 237 running in system mode. (+PAM +AUDIT +SELINUX +IMA +APPARMOR +SMACK +SYSVINIT +UTMP +LIBCRYPTSETUP +GCRYPT +GNUTLS +ACL +XZ +LZ4 +SECCOMP +BLKID +ELFUTILS +KMOD -IDN2 +IDN -PCRE2 default-hierarchy=hybrid)
[   10.648870] systemd[1]: Detected virtualization oracle.
[   10.654490] systemd[1]: Detected architecture x86-64.

Welcome to [1mUbuntu 18.04.2 LTS[0m!

[   10.701928] systemd[1]: Set hostname to <ubuntu-bionic>.
[   11.450313] systemd[1]: Created slice User and Session Slice.
[[0;32m  OK  [0m] Created slice User and Session Slice.
[   11.710967] systemd[1]: Reached target System Time Synchronized.
[[0;32m  OK  [0m] Reached target System Time Synchronized.
[   11.715629] systemd[1]: Set up automount Arbitrary Executable File Formats File System Automount Point.
[[0;32m  OK  [0m] Set up automount Arbitrary Executab…rmats File System Automount Point.
[   11.722167] systemd[1]: Created slice System Slice.
[[0;32m  OK  [0m] Created slice System Slice.
[   11.725566] systemd[1]: Reached target Slices.
[[0;32m  OK  [0m] Reached target Slices.
[   11.729369] systemd[1]: Listening on /dev/initctl Compatibility Named Pipe.
[[0;32m  OK  [0m] Listening on /dev/initctl Compatibility Named Pipe.
[[0;32m  OK  [0m] Listening on Journal Socket (/dev/log).
[[0;32m  OK  [0m] Listening on udev Control Socket.
[[0;32m  OK  [0m] Created slice system-serial\x2dgetty.slice.
[[0;32m  OK  [0m] Listening on Journal Socket.
         Starting Uncomplicated firewall...
         Starting Remount Root and Kernel File Systems...
[[0;32m  OK  [0m] Listening on Device-mapper event daemon FIFOs.
         Mounting Kernel [   11.802395] EXT4-fs (sda1): re-mounted. Opts: (null)
Debug File System...
         Starting Create list of required st…ce nodes for the current kernel...
[[0;32m  OK  [0m] Listening on Journal Audit Socket.
[[0;32m  OK  [0m] Listening on udev Kernel Socket.
[[0;32m  OK  [0m] Started Forward Password Requests to Wall Directory Watch.
         Mounting POSIX Message Queue File System...
[[0;32m  OK  [0m] Listening on Syslog Socket.
         Starting Journal Service...
[[0;32m  OK  [0m] Listening on LVM2 metadata daemon socket.
[[0;32m  OK  [0m] Listening on LVM2 poll daemon socket.
         Mounting Huge Pages File System...
[[0;32m  OK  [0m] Reached target Swap.
         Starting Load Kernel Modules...
         Starting udev Coldplug all Devices...
[[0;32m  OK  [[   11.973757] Loading iSCSI transport class v2.0-870.
0m] Listening on Network Service Netlink Socket.
[[0;32m  OK  [0m] Reached targ[   11.999178] iscsi: registered transport (tcp)
et User and Group Name Lookups.
[   12.061654] iscsi: registered transport (iser)
         Starting Monitoring of LVM2 mirrors…ng dmeventd or progress polling...
         Starting Set the console keyboard layout...
[[0;32m  OK  [0m] Started Journal Service.
[[0;32m  OK  [0m] Started Uncomplicated firewall.
[[0;32m  OK  [0m] Started Remount Root and Kernel File Systems.
[[0;32m  OK  [0m] Mounted Kernel Debug File System.
[[0;32m  OK  [0m] Started Create list of required sta…vice nodes for the current kernel.
[[0;32m  OK  [0m] Mounted POSIX Message Queue File System.
[[0;32m  OK  [0m] Mounted Huge Pages File System.
[[0;32m  OK  [0m] Started Load Kernel Modules.
[[0;32m  OK  [0m] Started Set the console keyboard layout.
[[0;32m  OK  [0m] Started LVM2 metadata daemon.
         Mounting Kernel Configuration File System...
         Mounting FUSE Control File System...
         Starting Apply Kernel Variables...
         Starting Create Static Device Nodes in /dev...
         Starting Load/Save Random Seed...
         Starting Flush Journal to Persistent Storage...
[[0;32m  OK  [0m] Started Monitoring of LVM2 mirrors,…sing dmeventd or progress polling.
[[0;32m  OK  [0m] Started udev Coldplug all Devices.
[[0;32m  OK  [0m] Mounted Kernel Configuration File System.
[[0;32m  OK  [0m] Mounted FUSE Control File System.
[[0;32m  OK  [0m] Started Apply Kernel Variables.
[[0;32m  OK  [0m] Started Create Static Device Nodes in /dev.
[[0;32m  OK  [0m] Started Load/Save Random Seed.
         Starting udev Kernel Device Manager...
[[0;32m  OK  [0m] Reached target Local File Systems (Pre).
[[0;32m  OK  [0m] Reached target Local File Systems.
         Starting Set console font and keymap...
         Starting Tell Plymouth To Write Out Runtime Data...
         Starting AppArmor initialization...
         Starting ebtables ruleset management...
[[0;32m  OK  [0m] Started Set console font and keymap.
[[0;32m  OK  [0m] Started Tell Plymouth To Write Out Runtime Data.
[[0;32m  OK  [0m] Started udev Kernel Device Manager.
[[0;32m  OK  [0m] Started Dispatch Password Requests to Console Directory Watch.
[[0;32m  OK  [0m] Reached target Local Encrypted Volumes.
[[0;32m  OK  [0m] Started Flush Journal to Persistent Storage.
         Starting Create Volatile Files and Directories...
[[0;32m  OK  [0m] Started Create Volatile Files and Directories.
         Starting Update UTMP about System Boot/Shutdown...
[[0;32m  OK  [0m] Started Update UTMP about System Boot/Shutdown.
[[0;32m  OK  [0m] Started ebtables ruleset management.
[[0;32m  OK  [0m] Found device /dev/ttyS0.
[[0;32m  OK  [0m] Started AppArmor initialization.
         Starting Initial cloud-init job (pre-networking)...
[[0;32m  OK  [0m] Listening on Load/Save RF Kill Switch Status /dev/rfkill Watch.
[   16.275412] cloud-init[534]: Cloud-init v. 18.5-45-g3554ffe8-0ubuntu1~18.04.1 running 'init-local' at Wed, 12 Feb 2020 12:01:49 +0000. Up 15.96 seconds.
[[0;32m  OK  [0m] Started Initial cloud-init job (pre-networking).
[[0;32m  OK  [0m] Reached target Network (Pre).
         Starting Network Service...
[[0;32m  OK  [0m] Started Network Service.
         Starting Network Name Resolution...
         Starting Wait for Network to be Configured...
[[0;32m  OK  [0m] Started Network Name Resolution.
[[0;32m  OK  [0m] Reached target Host and Network Name Lookups.
[[0;32m  OK  [0m] Reached target Network.
[[0;32m  OK  [0m] Started Wait for Network to be Configured.
         Starting Initial cloud-init job (metadata service crawler)...
[   19.853340] cloud-init[697]: Cloud-init v. 18.5-45-g3554ffe8-0ubuntu1~18.04.1 running 'init' at Wed, 12 Feb 2020 12:01:53 +0000. Up 19.56 seconds.
[   19.864635] cloud-init[697]: ci-info: ++++++++++++++++++++++++++++++++++++++Net device info+++++++++++++++++++++++++++++++++++++++
[   19.893456] cloud-init[697]: ci-info: +--------+------+-----------------------------+---------------+--------+-------------------+
[   19.938243] cloud-init[697]: ci-info: | Device |  Up  |           Address           |      Mask     | Scope  |     Hw-Address    |
[   19.954874] cloud-init[697]: ci-info: +--------+------+-----------------------------+---------------+--------+-------------------+
[   20.020470] cloud-init[697]: ci-info: | enp0s3 | True |          10.0.2.15          | 255.255.255.0 | global | 02:2b:53:00:6c:0a |
[   20.047236] cloud-init[697]: ci-info: | enp0s3 | True |  fe80::2b:53ff:fe00:6c0a/64 |       .       |  link  | 02:2b:53:00:6c:0a |
[   20.113394] cloud-init[697]: ci-info: | enp0s8 | True |        192.168.33.10        | 255.255.255.0 | global | 08:00:27:10:81:79 |
[   20.156927] cloud-init[697]: ci-info: | enp0s8 | True | fe80::a00:27ff:fe10:8179/64 |       .       |  link  | 08:00:27:10:81:79 |
[   20.178172] cloud-init[697]: ci-info: |   lo   | True |          127.0.0.1          |   255.0.0.0   |  host  |         .         |
[   20.191964] cloud-init[697]: ci-info: |   lo   | True |           ::1/128           |       .       |  host  |         .         |
[   20.219656] cloud-init[697]: ci-info: +--------+------+-----------------------------+---------------+--------+-------------------+
[   20.227107] cloud-init[697]: ci-info: +++++++++++++++++++++++++++++Route IPv4 info+++++++++++++++++++++++++++++
[   20.250577] cloud-init[697]: ci-info: +-------+--------------+----------+-----------------+-----------+-------+
[   20.274717] cloud-init[697]: ci-info: | Route | Destination  | Gateway  |     Genmask     | Interface | Flags |
[   20.304595] cloud-init[697]: ci-info: +-------+--------------+----------+-----------------+-----------+-------+
[   20.318949] cloud-init[697]: ci-info: |   0   |   0.0.0.0    | 10.0.2.2 |     0.0.0.0     |   enp0s3  |   UG  |
[   20.340720] cloud-init[697]: ci-info: |   1   |   10.0.2.0   | 0.0.0.0  |  255.255.255.0  |   enp0s3  |   U   |
[   20.360041] cloud-init[697]: ci-info: |   2   |   10.0.2.2   | 0.0.0.0  | 255.255.255.255 |   enp0s3  |   UH  |
[   20.380024] cloud-init[697]: ci-info: |   3   | 192.168.33.0 | 0.0.0.0  |  255.255.255.0  |   enp0s8  |   U   |
[   20.413589] cloud-init[697]: ci-info: +-------+--------------+----------+-----------------+-----------+-------+
[   20.419361] cloud-init[697]: ci-info: +++++++++++++++++++Route IPv6 info+++++++++++++++++++
[   20.429954] cloud-init[697]: ci-info: +-------+-------------+---------+-----------+-------+
[   20.442515] cloud-init[697]: ci-info: | Route | Destination | Gateway | Interface | Flags |
[   20.454514] cloud-init[697]: ci-info: +-------+-------------+---------+-----------+-------+
[   20.466101] cloud-init[697]: ci-info: |   1   |  fe80::/64  |    ::   |   enp0s8  |   U   |
[   20.478258] cloud-init[697]: ci-info: |   2   |  fe80::/64  |    ::   |   enp0s3  |   U   |
[   20.490185] cloud-init[697]: ci-info: |   4   |    local    |    ::   |   enp0s3  |   U   |
[   20.504617] cloud-init[697]: ci-info: |   5   |    local    |    ::   |   enp0s8  |   U   |
[   20.514279] cloud-init[697]: ci-info: |   6   |   ff00::/8  |    ::   |   enp0s8  |   U   |
[[0;32m  OK  [0m] Started Initial cloud-init job (metadata service crawler).
[   20.575224] [[0;32m  OK  [0m] Reached target Network is Online.
[[0;32m  OK  [0m] Reached target Remote File Systems (Pre).
[[0;32m  OK  [0m] Reached target Remote File Systems.
         cloud-init[697]: ci-info: |   7   |   ff00::/8  |    ::   |   enp0s3  |   U   |Starting Availability of block devices...
[[0;32m  OK  [0m] Reached target System Initialization.
[[0;32m  OK  [0m] Listening on ACPID Listen Socket.
         Starting Socket activation for snappy daemon.

[[0;32m  OK  [0m] Started Daily apt download activities.
[[0;32m  OK  [0m] Started Daily apt upgrade and clean activities.
[   20.689482] cloud-init[697]: ci-info: +-------+-------------+---------+-----------+-------+
[[0;32m  OK  [0m] Started Daily Cleanup of Temporary Directories.
[[0;32m  OK  [0m] Listening on UUID daemon activation socket.
[[0;32m  OK  [0m] Started Discard unused blocks once a week.
[[0;32m  OK  [0m] Listening on Open-iSCSI iscsid Socket.
         Starting LXD - unix socket.
[[0;32m  OK  [0m] Listening on D-Bus System Message Bus Socket.
[[0;32m  OK  [0m] Started Message of the Day.
[[0;32m  OK  [0m] Reached target Timers.
[[0;32m  OK  [0m] Started ACPI Events Check.
[[0;32m  OK  [0m] Reached target Paths.
[[0;32m  OK  [0m] Reached target Cloud-config availability.
[[0;32m  OK  [0m] Started Availability of block devices.
[[0;32m  OK  [0m] Listening on Socket activation for snappy daemon.
[[0;32m  OK  [0m] Listening on LXD - unix socket.
[[0;32m  OK  [0m] Reached target Sockets.
[[0;32m  OK  [0m] Reached target Basic System.
[[0;32m  OK  [0m] Started FUSE filesystem for LXC.
         Starting Dispatcher daemon for systemd-networkd...
         Starting LXD - container startup/shutdown...
         Starting Login Service...
[[0;32m  OK  [0m] Started Deferred execution scheduler.
[[0;32m  OK  [0m] Started D-Bus System Message Bus.
         Starting OpenBSD Secure Shell server...
         Starting LSB: Record successful boot for GRUB...
         Starting Accounts Service...
[[0;32m  OK  [0m] Started irqbalance daemon.
         Starting LSB: automatic crash report generation...
[[0;32m  OK  [0m] Started Regular background program processing daemon.
         Starting vboxadd.service...
         Starting System Logging Service...
         Starting Permit User Sessions...
         Starting Snappy daemon...
[[0;32m  OK  [0m] Started Permit User Sessions.
[[0;32m  OK  [0m] Started Login Service.
[[0;32m  OK  [0m] Started Unattended Upgrades Shutdown.
         Starting Terminate Plymouth Boot Screen...
         Starting Hold until boot process finishes up...
[[0;32m  OK  [0m] Started System Logging Service.
[[0;32m  OK  [0m] Started OpenBSD Secure Shell server.
[[0;32m  OK  [0m] Started Terminate Plymouth Boot Screen.
[[0;32m  OK  [0m] Started Hold until boot process finishes up.
         Starting Authorization Manager...
         Starting Set console scheme...
[[0;32m  OK  [0m] Started Serial Getty on ttyS0.
[[0;32m  OK  [0m] Started Set console scheme.
[[0;32m  OK  [0m] Started LXD - container startup/shutdown.
[[0;32m  OK  [0m] Created slice system-getty.slice.
[[0;32m  OK  [0m] Started Getty on tty1.
[[0;32m  OK  [0m] Reached target Login Prompts.
[[0;32m  OK  [0m] Started Authorization Manager.
[[0;32m  OK  [0m] Started LSB: Record successful boot for GRUB.
[[0;32m  OK  [0m] Started LSB: automatic crash report generation.
[[0;32m  OK  [0m] Started Accounts Service.
[[0;32m  OK  [0m] Started Dispatcher daemon for systemd-networkd.
[[0;32m  OK  [0m] Created slice User Slice of vagrant.
         Starting User Manager for UID 1000...
[[0;32m  OK  [0m] Started Session 1 of user vagrant.
[[0;32m  OK  [0m] Started Snappy daemon.
         Starting Wait until snapd is fully seeded...
[[0;32m  OK  [0m] Started Wait until snapd is fully seeded.
[[0;32m  OK  [0m] Started vboxadd.service.
         Starting vboxadd-service.service...
         Starting Apply the settings specified in cloud-config...
[[0;32m  OK  [0m] Started User Manager for UID 1000.
[[0;32m  OK  [0m] Started vboxadd-service.service.
[[0;32m  OK  [0m] Reached target Multi-User System.
[[0;32m  OK  [0m] Reached target Graphical Interface.
         Starting Update UTMP about System Runlevel Changes...
[[0;32m  OK  [0m] Started Update UTMP about System Runlevel Changes.
[   24.091610] cloud-init[1164]: Cloud-init v. 18.5-45-g3554ffe8-0ubuntu1~18.04.1 running 'modules:config' at Wed, 12 Feb 2020 12:01:57 +0000. Up 23.85 seconds.
[[0;32m  OK  [0m] Started Apply the settings specified in cloud-config.
         Starting Execute cloud user/final scripts...
[   25.238908] cloud-init[1253]: Cloud-init v. 18.5-45-g3554ffe8-0ubuntu1~18.04.1 running 'modules:final' at Wed, 12 Feb 2020 12:01:58 +0000. Up 24.97 seconds.
[   25.304053] cloud-init[1253]: Cloud-init v. 18.5-45-g3554ffe8-0ubuntu1~18.04.1 finished at Wed, 12 Feb 2020 12:01:59 +0000. Datasource DataSourceNoCloud [seed=/dev/sdb][dsmode=net].  Up 25.22 seconds
[[0;32m  OK  [0m] Started Execute cloud user/final scripts.
[[0;32m  OK  [0m] Reached target Cloud-init target.

Ubuntu 18.04.2 LTS ubuntu-bionic ttyS0

ubuntu-bionic login:          Stopping User Manager for UID 1000...
[[0;32m  OK  [0m] Stopped target Cloud-init target.
         Stopping Authorization Manager...
[[0;32m  OK  [0m] Stopped target Graphical Interface.
         Stopping Accounts Service...
         Stopping Availability of block devices...
[[0;32m  OK  [0m] Closed Load/Save RF Kill Switch Status /dev/rfkill Watch.
[[0;32m  OK  [0m] Stopped Execute cloud user/final scripts.
[[0;32m  O[[0;32m  OK  [0m] Stopped Dispatcher daemon for systemd-networkd.
[[0;32m  OK  [0m] Stopped Deferred execution scheduler.
[[0;32m  OK  [0m] Unmounted /var/lib/lxcfs.
[[0;32m  OK  [0m] Stopped Accounts Service.
[[0;32m  OK  [0m] Stopped irqbalance daemon.
[[0;32m  OK  [0m] Stopped Regular background program processing daemon.
[[0;32m  OK  [0m] Stopped System Logging Service.
[[0;32m  OK  [0m] Stopped OpenBSD Secure Shell server.
[[0;32m  OK  [0m] Stopped Unattended Upgrades Shutdown.
[[0;32m  OK  [0m] Stopped Authorization Manager.
[[0;32m  OK  [0m] Stopped Serial Getty on ttyS0.
[[0;32m  OK  [0m] Stopped Getty on tty1.
[[0;32m  OK  [0m] Stopped User Manager for UID 1000.
[[0;32m  OK  [0m] Stopped Availability of block devices.
[[0;32m  OK  [0m] Stopped D-Bus System Message Bus.
[[0;32m  OK  [0m] Stopped FUSE filesystem for LXC.
[[0;32m  OK  [0m] Stopped Session 6 of user vagrant.
[[0;32m  OK  [0m] Removed slice User Slice of vagrant.
[[0;32m  OK  [0m] Removed slice system-getty.slice.
[[0;32m  OK  [0m] Removed slice system-serial\x2dgetty.slice.
         Stopping Permit User Sessions...
         Stopping Login Service...
[[0;32m  OK  [0m] Stopped LXD - container startup/shutdown.
[[0;32m  OK  [0m] Stopped LSB: Record successful boot for GRUB.
[[0;32m  OK  [0m] Stopped Permit User Sessions.
[[0;32m  OK  [0m] Stopped LSB: automatic crash report generation.
[[0;32m  OK  [0m] Stopped target Remote File Systems.
[[0;32m  OK  [0m] Stopped target Remote File Systems (Pre).
[[0;32m  OK  [0m] Stopped target Network.
         Stopping Network Name Resolution...
[[0;32m  OK  [0m] Stopped Login Service.
[[0;32m  OK  [0m] Stopped vboxadd-service.service.
         Stopping vboxadd.service...
[[0;32m  OK  [0m] Stopped target User and Group Name Lookups.
[[0;32m  OK  [0m] Stopped Network Name Resolution.
         Stopping Network Service...
[[0;32m  OK  [0m] Stopped Network Service.
[[0;32m  OK  [0m] Stopped target Network (Pre).
[[0;32m  OK  [0m] Unmounted /vagrant.
[[0;32m  OK  [0m] Stopped vboxadd.service.
[[0;32m  OK  [0m] Stopped target Basic System.
[[0;32m  OK  [0m] Stopped target Paths.
[[0;32m  OK  [0m] Stopped ACPI Events Check.
[[0;32m  OK  [0m] Stopped target Sockets.
[[0;32m  OK  [0m] Closed LXD - unix socket.
[[0;32m  OK  [0m] Closed D-Bus System Message Bus Socket.
[[0;32m  OK  [0m] Closed UUID daemon activation socket.
[[0;32m  OK  [0m] Closed Open-iSCSI iscsid Socket.
[[0;32m  OK  [0m] Closed ACPID Listen Socket.
[[0;32m  OK  [0m] Closed Socket activation for snappy daemon.
[[0;32m  OK  [0m] Closed Syslog Socket.
[[0;32m  OK  [0m] Stopped target Slices.
[[0;32m  OK  [0m] Removed slice User and Session Slice.
[[0;32m  OK  [0m] Stopped target System Initialization.
[[0;32m  OK  [0m] Stopped Apply Kernel Variables.
[[0;32m  OK  [0m] Stopped Initial cloud-init job (metadata service crawler).
[[0;32m  OK  [0m] Stopped Initial cloud-init job (pre-networking).
[[0;32m  OK  [0m] Stopped target Local Encrypted Volumes.
[[0;32m  OK  [0m] Stopped Forward Password Requests to Wall Directory Watch.
[[0;32m  OK  [0m] Stopped Dispatch Password Requests to Console Directory Watch.
         Stopping Load/Save Random Seed...
[[0;32m  OK  [0m] Stopped Load Kernel Modules.
         Stopping Update UTMP about System Boot/Shutdown...
[[0;32m  OK  [0m] Stopped Load/Save Random Seed.
[[0;32m  OK  [0m] Stopped Update UTMP about System Boot/Shutdown.
[[0;32m  OK  [0m] Stopped Create Volatile Files and Directories.
[[0;32m  OK  [0m] Stopped target Local File Systems.
         Unmounting /run/user/1000...
[[0;32m  OK  [0m] Unmounted /run/user/1000.
[[0;32m  OK  [0m] Reached target Unmount All Filesystems.
[[0;32m  OK  [0m] Stopped target Swap.
[[0;32m  OK  [0m] Stopped target Local File Systems (Pre).
[[0;32m  OK  [0m] Stopped Remount Root and Kernel File Systems.
[[0;32m  OK  [0m] Stopped Create Static Device Nodes in /dev.
[[0;32m  OK  [0m] Reached target Shutdown.
[[0;32m  OK  [0m] Reached target Final Step.
         Starting Power-Off...
         Stopping Monitoring of LVM2 mirrors…ng dmeventd or progress polling...
[[0;32m  OK  [0m] Stopped Monitoring of LVM2 mirrors,…sing dmeventd or progress polling.
         Stopping LVM2 metadata daemon...
[[0;32m  OK  [0m] Stopped LVM2 metadata daemon.
[  934.067176] reboot: Power down
